{
  "RSpec": {
    "coverage": {
      "/home/just_a_little/Documents/Shop/app/controllers/application_controller.rb": [
        1,
        null,
        null,
        1,
        null,
        1,
        null,
        1,
        1,
        1,
        null,
        1,
        null,
        1,
        0,
        null,
        null,
        1,
        0,
        null,
        null,
        1,
        0,
        0,
        null,
        null,
        1,
        0,
        0,
        null,
        null,
        null,
        null,
        null,
        null,
        null,
        null,
        null,
        null,
        null,
        null,
        null,
        null
      ],
      "/home/just_a_little/Documents/Shop/app/helpers/application_helper.rb": [
        1,
        1,
        0,
        0,
        0,
        null,
        0,
        null,
        null,
        null,
        1,
        0,
        0,
        null,
        0,
        null,
        null,
        null,
        1,
        0,
        0,
        null,
        null,
        null
      ],
      "/home/just_a_little/Documents/Shop/app/helpers/carts_helper.rb": [
        1,
        null,
        1,
        0,
        null,
        0,
        0,
        0,
        0,
        null,
        null,
        0,
        null,
        null,
        1,
        0,
        0,
        0,
        0,
        0,
        0,
        null,
        0,
        null,
        null,
        0,
        null,
        null,
        1,
        0,
        0,
        0,
        0,
        0,
        null,
        0,
        null,
        null,
        null,
        0,
        null,
        0,
        null,
        null,
        1,
        0,
        null,
        null,
        1,
        0,
        null,
        null,
        1,
        0,
        null,
        null
      ],
      "/home/just_a_little/Documents/Shop/app/helpers/categories_helper.rb": [
        1,
        null
      ],
      "/home/just_a_little/Documents/Shop/app/helpers/orders_helper.rb": [
        1,
        null
      ],
      "/home/just_a_little/Documents/Shop/app/helpers/pages_helper.rb": [
        1,
        null
      ],
      "/home/just_a_little/Documents/Shop/app/helpers/products_helper.rb": [
        1,
        1,
        0,
        0,
        null,
        null
      ],
      "/home/just_a_little/Documents/Shop/app/helpers/registrations_helper.rb": [
        1,
        null
      ],
      "/home/just_a_little/Documents/Shop/app/helpers/users_helper.rb": [
        1,
        null
      ],
      "/home/just_a_little/Documents/Shop/app/models/user.rb": [
        1,
        1,
        1,
        1,
        null,
        1,
        1,
        1,
        null,
        1,
        null,
        null,
        null,
        1,
        null,
        null,
        null
      ],
      "/home/just_a_little/Documents/Shop/app/models/application_record.rb": [
        1,
        1,
        null
      ],
      "/home/just_a_little/Documents/Shop/app/models/order_item.rb": [
        1,
        1,
        1,
        null,
        1,
        1,
        null,
        null
      ],
      "/home/just_a_little/Documents/Shop/app/models/order.rb": [
        1,
        1,
        1,
        1,
        1,
        1,
        1,
        null
      ],
      "/home/just_a_little/Documents/Shop/app/models/product.rb": [
        1,
        1,
        null,
        1,
        1,
        1,
        1,
        1,
        1,
        null,
        1,
        1,
        null
      ],
      "/home/just_a_little/Documents/Shop/app/controllers/carts_controller.rb": [
        0,
        null,
        0,
        0,
        0,
        0,
        null,
        0,
        0,
        0,
        0,
        0,
        0,
        0,
        0,
        null,
        0,
        0,
        0,
        0,
        null,
        0,
        0,
        0,
        0,
        0,
        0,
        0,
        0
      ],
      "/home/just_a_little/Documents/Shop/app/controllers/registrations_controller.rb": [
        0,
        0,
        0,
        0,
        null,
        0,
        0,
        0,
        0,
        null,
        0,
        0,
        0,
        null,
        0
      ],
      "/home/just_a_little/Documents/Shop/app/controllers/orders_controller.rb": [
        0,
        0,
        null,
        0,
        0,
        0,
        0,
        0,
        0,
        0,
        0,
        0,
        0,
        0,
        0,
        0,
        null,
        0,
        0,
        0,
        0,
        0,
        0,
        0,
        0,
        0,
        0,
        0,
        0,
        0,
        null,
        null,
        0
      ],
      "/home/just_a_little/Documents/Shop/app/controllers/pages_controller.rb": [
        0,
        0,
        0,
        0,
        0,
        0,
        null,
        0,
        0,
        0,
        0,
        0,
        0,
        0
      ],
      "/home/just_a_little/Documents/Shop/app/controllers/categories_controller.rb": [
        0,
        0,
        null,
        0,
        0,
        0,
        null,
        0,
        null,
        0,
        0,
        0,
        0,
        0,
        0,
        0,
        0
      ],
      "/home/just_a_little/Documents/Shop/app/controllers/users_controller.rb": [
        0,
        null,
        0
      ],
      "/home/just_a_little/Documents/Shop/app/controllers/products_controller.rb": [
        0,
        0,
        null,
        0,
        0,
        0,
        0,
        null,
        0,
        null,
        0,
        0,
        0,
        0,
        null,
        0,
        null,
        0,
        0,
        0,
        0,
        0,
        0,
        0,
        null,
        0
      ],
      "/home/just_a_little/Documents/Shop/app/channels/application_cable/connection.rb": [
        0,
        0,
        0,
        0
      ],
      "/home/just_a_little/Documents/Shop/app/channels/application_cable/channel.rb": [
        0,
        0,
        0,
        0
      ],
      "/home/just_a_little/Documents/Shop/app/models/category.rb": [
        0,
        0,
        null,
        0,
        0
      ],
      "/home/just_a_little/Documents/Shop/app/jobs/application_job.rb": [
        0,
        0
      ],
      "/home/just_a_little/Documents/Shop/app/mailers/application_mailer.rb": [
        0,
        0,
        0,
        0
      ]
    },
    "timestamp": 1526982964
  }
}
